<?xml version="1.0" encoding="UTF-8"?>
<coverage generated="1639639789479" clover="3.2.0">
  <project timestamp="1639639789480" name="All files">
    <metrics statements="116" coveredstatements="116" conditionals="44" coveredconditionals="42" methods="24" coveredmethods="24" elements="184" coveredelements="182" complexity="0" loc="116" ncloc="116" packages="2" files="8" classes="8"/>
    <package name="src">
      <metrics statements="52" coveredstatements="52" conditionals="30" coveredconditionals="28" methods="17" coveredmethods="17"/>
      <file name="Canvas.ts" path="/Users/calvin/projects/ccau1/test-drawing/src/Canvas.ts">
        <metrics statements="26" coveredstatements="26" conditionals="11" coveredconditionals="10" methods="13" coveredmethods="13"/>
        <line num="2" count="7" type="stmt"/>
        <line num="4" count="7" type="stmt"/>
        <line num="5" count="37" type="stmt"/>
        <line num="6" count="37" type="stmt"/>
        <line num="9" count="7" type="stmt"/>
        <line num="10" count="64" type="stmt"/>
        <line num="13" count="7" type="stmt"/>
        <line num="14" count="2" type="stmt"/>
        <line num="17" count="7" type="stmt"/>
        <line num="18" count="2" type="cond" truecount="6" falsecount="0"/>
        <line num="21" count="7" type="stmt"/>
        <line num="22" count="2" type="stmt"/>
        <line num="33" count="7" type="stmt"/>
        <line num="34" count="1" type="stmt"/>
        <line num="42" count="7" type="stmt"/>
        <line num="43" count="31" type="stmt"/>
        <line num="44" count="490" type="stmt"/>
        <line num="51" count="7" type="stmt"/>
        <line num="52" count="2" type="stmt"/>
        <line num="60" count="7" type="stmt"/>
        <line num="61" count="4" type="stmt"/>
        <line num="63" count="12" type="cond" truecount="2" falsecount="0"/>
        <line num="67" count="4" type="cond" truecount="1" falsecount="0"/>
        <line num="69" count="3" type="stmt"/>
        <line num="75" count="7" type="stmt"/>
        <line num="77" count="7" type="stmt"/>
      </file>
      <file name="utils.ts" path="/Users/calvin/projects/ccau1/test-drawing/src/utils.ts">
        <metrics statements="26" coveredstatements="26" conditionals="19" coveredconditionals="18" methods="4" coveredmethods="4"/>
        <line num="9" count="7" type="stmt"/>
        <line num="13" count="12" type="stmt"/>
        <line num="14" count="12" type="cond" truecount="1" falsecount="0"/>
        <line num="15" count="12" type="cond" truecount="1" falsecount="0"/>
        <line num="17" count="12" type="stmt"/>
        <line num="27" count="7" type="stmt"/>
        <line num="32" count="56" type="stmt"/>
        <line num="34" count="56" type="stmt"/>
        <line num="35" count="168" type="stmt"/>
        <line num="37" count="504" type="cond" truecount="3" falsecount="0"/>
        <line num="38" count="448" type="stmt"/>
        <line num="42" count="448" type="cond" truecount="1" falsecount="0"/>
        <line num="48" count="174" type="stmt"/>
        <line num="51" count="274" type="stmt"/>
        <line num="54" count="56" type="stmt"/>
        <line num="66" count="7" type="stmt"/>
        <line num="72" count="57" type="cond" truecount="1" falsecount="0"/>
        <line num="74" count="50" type="cond" truecount="3" falsecount="0"/>
        <line num="75" count="49" type="stmt"/>
        <line num="76" count="49" type="stmt"/>
        <line num="77" count="49" type="stmt"/>
        <line num="79" count="49" type="stmt"/>
        <line num="80" count="240" type="cond" truecount="1" falsecount="0"/>
        <line num="84" count="43" type="stmt"/>
        <line num="85" count="43" type="stmt"/>
        <line num="86" count="43" type="stmt"/>
      </file>
    </package>
    <package name="src.commands">
      <metrics statements="64" coveredstatements="64" conditionals="14" coveredconditionals="14" methods="7" coveredmethods="7"/>
      <file name="bucketFillCommand.ts" path="/Users/calvin/projects/ccau1/test-drawing/src/commands/bucketFillCommand.ts">
        <metrics statements="9" coveredstatements="9" conditionals="1" coveredconditionals="1" methods="1" coveredmethods="1"/>
        <line num="2" count="7" type="stmt"/>
        <line num="4" count="7" type="stmt"/>
        <line num="5" count="4" type="stmt"/>
        <line num="7" count="4" type="cond" truecount="1" falsecount="0"/>
        <line num="8" count="1" type="stmt"/>
        <line num="11" count="3" type="stmt"/>
        <line num="12" count="3" type="stmt"/>
        <line num="13" count="3" type="stmt"/>
        <line num="16" count="3" type="stmt"/>
      </file>
      <file name="createCommand.ts" path="/Users/calvin/projects/ccau1/test-drawing/src/commands/createCommand.ts">
        <metrics statements="8" coveredstatements="8" conditionals="4" coveredconditionals="4" methods="1" coveredmethods="1"/>
        <line num="3" count="7" type="stmt"/>
        <line num="4" count="5" type="stmt"/>
        <line num="6" count="5" type="cond" truecount="1" falsecount="0"/>
        <line num="7" count="1" type="stmt"/>
        <line num="10" count="4" type="stmt"/>
        <line num="11" count="4" type="stmt"/>
        <line num="14" count="4" type="cond" truecount="3" falsecount="0"/>
        <line num="17" count="3" type="stmt"/>
      </file>
      <file name="index.ts" path="/Users/calvin/projects/ccau1/test-drawing/src/commands/index.ts">
        <metrics statements="7" coveredstatements="7" conditionals="0" coveredconditionals="0" methods="0" coveredmethods="0"/>
        <line num="2" count="7" type="stmt"/>
        <line num="3" count="7" type="stmt"/>
        <line num="4" count="7" type="stmt"/>
        <line num="5" count="7" type="stmt"/>
        <line num="6" count="7" type="stmt"/>
        <line num="8" count="7" type="stmt"/>
        <line num="16" count="7" type="stmt"/>
      </file>
      <file name="lineCommand.ts" path="/Users/calvin/projects/ccau1/test-drawing/src/commands/lineCommand.ts">
        <metrics statements="24" coveredstatements="24" conditionals="8" coveredconditionals="8" methods="3" coveredmethods="3"/>
        <line num="2" count="7" type="stmt"/>
        <line num="4" count="7" type="stmt"/>
        <line num="5" count="9" type="stmt"/>
        <line num="7" count="9" type="cond" truecount="1" falsecount="0"/>
        <line num="8" count="1" type="stmt"/>
        <line num="11" count="8" type="cond" truecount="1" falsecount="0"/>
        <line num="17" count="2" type="stmt"/>
        <line num="21" count="6" type="stmt"/>
        <line num="24" count="6" type="stmt"/>
        <line num="25" count="6" type="stmt"/>
        <line num="28" count="6" type="stmt"/>
        <line num="31" count="6" type="stmt"/>
        <line num="33" count="6" type="cond" truecount="2" falsecount="0"/>
        <line num="38" count="3" type="stmt"/>
        <line num="40" count="3" type="stmt"/>
        <line num="41" count="3" type="stmt"/>
        <line num="42" count="3" type="stmt"/>
        <line num="53" count="3" type="stmt"/>
        <line num="54" count="8" type="stmt"/>
        <line num="61" count="3" type="stmt"/>
        <line num="63" count="3" type="stmt"/>
        <line num="64" count="3" type="stmt"/>
        <line num="67" count="3" type="stmt"/>
        <line num="68" count="8" type="stmt"/>
      </file>
      <file name="quitCommand.ts" path="/Users/calvin/projects/ccau1/test-drawing/src/commands/quitCommand.ts">
        <metrics statements="3" coveredstatements="3" conditionals="0" coveredconditionals="0" methods="1" coveredmethods="1"/>
        <line num="3" count="7" type="stmt"/>
        <line num="4" count="1" type="stmt"/>
        <line num="6" count="1" type="stmt"/>
      </file>
      <file name="rectCommand.ts" path="/Users/calvin/projects/ccau1/test-drawing/src/commands/rectCommand.ts">
        <metrics statements="13" coveredstatements="13" conditionals="1" coveredconditionals="1" methods="1" coveredmethods="1"/>
        <line num="2" count="7" type="stmt"/>
        <line num="4" count="7" type="stmt"/>
        <line num="5" count="2" type="stmt"/>
        <line num="7" count="2" type="cond" truecount="1" falsecount="0"/>
        <line num="8" count="1" type="stmt"/>
        <line num="11" count="1" type="stmt"/>
        <line num="12" count="1" type="stmt"/>
        <line num="13" count="1" type="stmt"/>
        <line num="14" count="1" type="stmt"/>
        <line num="17" count="1" type="stmt"/>
        <line num="19" count="1" type="stmt"/>
        <line num="21" count="1" type="stmt"/>
        <line num="23" count="1" type="stmt"/>
      </file>
    </package>
  </project>
</coverage>
