{"/Users/calvin/projects/ccau1/test-drawing/src/Canvas.ts": {"path":"/Users/calvin/projects/ccau1/test-drawing/src/Canvas.ts","statementMap":{"0":{"start":{"line":2,"column":0},"end":{"line":2,"column":34}},"1":{"start":{"line":4,"column":0},"end":{"line":4,"column":null}},"2":{"start":{"line":5,"column":12},"end":{"line":5,"column":41}},"3":{"start":{"line":6,"column":12},"end":{"line":6,"column":40}},"4":{"start":{"line":9,"column":2},"end":{"line":11,"column":null}},"5":{"start":{"line":10,"column":4},"end":{"line":10,"column":28}},"6":{"start":{"line":13,"column":2},"end":{"line":15,"column":null}},"7":{"start":{"line":14,"column":4},"end":{"line":14,"column":35}},"8":{"start":{"line":17,"column":2},"end":{"line":19,"column":null}},"9":{"start":{"line":18,"column":4},"end":{"line":18,"column":44}},"10":{"start":{"line":21,"column":2},"end":{"line":23,"column":null}},"11":{"start":{"line":22,"column":4},"end":{"line":22,"column":26}},"12":{"start":{"line":33,"column":2},"end":{"line":35,"column":null}},"13":{"start":{"line":34,"column":4},"end":{"line":34,"column":56}},"14":{"start":{"line":42,"column":2},"end":{"line":46,"column":null}},"15":{"start":{"line":43,"column":4},"end":{"line":45,"column":6}},"16":{"start":{"line":44,"column":6},"end":{"line":44,"column":null}},"17":{"start":{"line":44,"column":47},"end":{"line":44,"column":51}},"18":{"start":{"line":51,"column":2},"end":{"line":53,"column":null}},"19":{"start":{"line":52,"column":4},"end":{"line":52,"column":26}},"20":{"start":{"line":60,"column":2},"end":{"line":74,"column":null}},"21":{"start":{"line":61,"column":23},"end":{"line":64,"column":null}},"22":{"start":{"line":63,"column":8},"end":{"line":64,"column":null}},"23":{"start":{"line":67,"column":4},"end":{"line":67,"column":55}},"24":{"start":{"line":67,"column":21},"end":{"line":67,"column":55}},"25":{"start":{"line":69,"column":4},"end":{"line":73,"column":7}},"26":{"start":{"line":75,"column":0},"end":{"line":75,"column":null}},"27":{"start":{"line":77,"column":0},"end":{"line":77,"column":22}}},"fnMap":{"0":{"name":"(anonymous_3)","decl":{"start":{"line":4,"column":0},"end":{"line":4,"column":null}},"loc":{"start":{"line":4,"column":0},"end":{"line":75,"column":null}}},"1":{"name":"Canvas","decl":{"start":{"line":27,"column":2},"end":{"line":27,"column":17}},"loc":{"start":{"line":27,"column":2},"end":{"line":27,"column":18}}},"2":{"name":"(anonymous_5)","decl":{"start":{"line":9,"column":2},"end":{"line":9,"column":6}},"loc":{"start":{"line":9,"column":2},"end":{"line":11,"column":3}}},"3":{"name":"(anonymous_6)","decl":{"start":{"line":13,"column":2},"end":{"line":13,"column":6}},"loc":{"start":{"line":13,"column":2},"end":{"line":15,"column":3}}},"4":{"name":"(anonymous_7)","decl":{"start":{"line":17,"column":2},"end":{"line":17,"column":6}},"loc":{"start":{"line":17,"column":2},"end":{"line":19,"column":3}}},"5":{"name":"(anonymous_8)","decl":{"start":{"line":21,"column":2},"end":{"line":21,"column":6}},"loc":{"start":{"line":21,"column":2},"end":{"line":23,"column":3}}},"6":{"name":"(anonymous_9)","decl":{"start":{"line":33,"column":2},"end":{"line":33,"column":13}},"loc":{"start":{"line":33,"column":32},"end":{"line":35,"column":3}}},"7":{"name":"(anonymous_10)","decl":{"start":{"line":42,"column":2},"end":{"line":42,"column":20}},"loc":{"start":{"line":42,"column":50},"end":{"line":46,"column":3}}},"8":{"name":"(anonymous_11)","decl":{"start":{"line":43,"column":57},"end":{"line":43,"column":null}},"loc":{"start":{"line":43,"column":57},"end":{"line":44,"column":11}}},"9":{"name":"(anonymous_12)","decl":{"start":{"line":44,"column":41},"end":{"line":44,"column":47}},"loc":{"start":{"line":44,"column":41},"end":{"line":44,"column":50}}},"10":{"name":"(anonymous_13)","decl":{"start":{"line":51,"column":2},"end":{"line":51,"column":13}},"loc":{"start":{"line":51,"column":2},"end":{"line":53,"column":3}}},"11":{"name":"(anonymous_14)","decl":{"start":{"line":60,"column":2},"end":{"line":60,"column":12}},"loc":{"start":{"line":60,"column":41},"end":{"line":74,"column":3}}},"12":{"name":"(anonymous_15)","decl":{"start":{"line":62,"column":6},"end":{"line":62,"column":7}},"loc":{"start":{"line":62,"column":17},"end":{"line":63,"column":18}}}},"branchMap":{"0":{"loc":{"start":{"line":18,"column":11},"end":{"line":18,"column":43}},"type":"binary-expr","locations":[{"start":{"line":18,"column":11},"end":{"line":18,"column":38}},{"start":{"line":18,"column":42},"end":{"line":18,"column":43}}]},"1":{"loc":{"start":{"line":18,"column":11},"end":{"line":18,"column":38}},"type":"cond-expr","locations":[{"start":{"line":18,"column":30},"end":{"line":18,"column":32}},{"start":{"line":18,"column":30},"end":{"line":18,"column":38}}]},"2":{"loc":{"start":{"line":18,"column":11},"end":{"line":18,"column":32}},"type":"binary-expr","locations":[{"start":{"line":18,"column":11},"end":{"line":18,"column":32}},{"start":{"line":18,"column":30},"end":{"line":18,"column":32}}]},"3":{"loc":{"start":{"line":63,"column":8},"end":{"line":64,"column":71}},"type":"binary-expr","locations":[{"start":{"line":63,"column":8},"end":{"line":63,"column":41}},{"start":{"line":64,"column":8},"end":{"line":64,"column":71}}]},"4":{"loc":{"start":{"line":64,"column":9},"end":{"line":64,"column":41}},"type":"binary-expr","locations":[{"start":{"line":64,"column":9},"end":{"line":64,"column":35}},{"start":{"line":64,"column":39},"end":{"line":64,"column":41}}]},"5":{"loc":{"start":{"line":67,"column":4},"end":{"line":67,"column":55}},"type":"if","locations":[{"start":{"line":67,"column":4},"end":{"line":67,"column":55}}]}},"s":{"0":7,"1":7,"2":37,"3":37,"4":7,"5":64,"6":7,"7":2,"8":7,"9":2,"10":7,"11":2,"12":7,"13":1,"14":7,"15":31,"16":134,"17":490,"18":7,"19":2,"20":7,"21":4,"22":12,"23":4,"24":1,"25":3,"26":7,"27":7},"f":{"0":7,"1":37,"2":64,"3":2,"4":2,"5":2,"6":1,"7":31,"8":134,"9":490,"10":2,"11":4,"12":12},"b":{"0":[2,1],"1":[1,1],"2":[2,2],"3":[12,10],"4":[10,0],"5":[1]}}
,"/Users/calvin/projects/ccau1/test-drawing/src/utils.ts": {"path":"/Users/calvin/projects/ccau1/test-drawing/src/utils.ts","statementMap":{"0":{"start":{"line":9,"column":27},"end":{"line":18,"column":1}},"1":{"start":{"line":13,"column":15},"end":{"line":13,"column":21}},"2":{"start":{"line":14,"column":2},"end":{"line":14,"column":74}},"3":{"start":{"line":14,"column":34},"end":{"line":14,"column":74}},"4":{"start":{"line":15,"column":2},"end":{"line":15,"column":74}},"5":{"start":{"line":15,"column":34},"end":{"line":15,"column":74}},"6":{"start":{"line":17,"column":2},"end":{"line":17,"column":16}},"7":{"start":{"line":9,"column":13},"end":{"line":9,"column":27}},"8":{"start":{"line":27,"column":35},"end":{"line":55,"column":1}},"9":{"start":{"line":32,"column":27},"end":{"line":32,"column":29}},"10":{"start":{"line":34,"column":2},"end":{"line":53,"column":null}},"11":{"start":{"line":34,"column":16},"end":{"line":34,"column":18}},"12":{"start":{"line":35,"column":4},"end":{"line":52,"column":null}},"13":{"start":{"line":35,"column":18},"end":{"line":35,"column":20}},"14":{"start":{"line":37,"column":6},"end":{"line":37,"column":41}},"15":{"start":{"line":37,"column":32},"end":{"line":37,"column":41}},"16":{"start":{"line":38,"column":6},"end":{"line":38,"column":37}},"17":{"start":{"line":42,"column":6},"end":{"line":49,"column":null}},"18":{"start":{"line":48,"column":8},"end":{"line":48,"column":17}},"19":{"start":{"line":51,"column":6},"end":{"line":51,"column":33}},"20":{"start":{"line":54,"column":2},"end":{"line":54,"column":26}},"21":{"start":{"line":27,"column":13},"end":{"line":27,"column":35}},"22":{"start":{"line":66,"column":31},"end":{"line":96,"column":1}},"23":{"start":{"line":72,"column":2},"end":{"line":72,"column":null}},"24":{"start":{"line":74,"column":2},"end":{"line":74,"column":29}},"25":{"start":{"line":74,"column":22},"end":{"line":74,"column":29}},"26":{"start":{"line":75,"column":2},"end":{"line":75,"column":29}},"27":{"start":{"line":76,"column":2},"end":{"line":76,"column":34}},"28":{"start":{"line":77,"column":27},"end":{"line":77,"column":64}},"29":{"start":{"line":79,"column":2},"end":{"line":95,"column":5}},"30":{"start":{"line":80,"column":4},"end":{"line":94,"column":null}},"31":{"start":{"line":84,"column":6},"end":{"line":84,"column":48}},"32":{"start":{"line":85,"column":6},"end":{"line":85,"column":43}},"33":{"start":{"line":86,"column":6},"end":{"line":93,"column":8}},"34":{"start":{"line":66,"column":13},"end":{"line":66,"column":31}}},"fnMap":{"0":{"name":"(anonymous_0)","decl":{"start":{"line":9,"column":27},"end":{"line":9,"column":null}},"loc":{"start":{"line":11,"column":42},"end":{"line":18,"column":1}}},"1":{"name":"(anonymous_1)","decl":{"start":{"line":27,"column":35},"end":{"line":27,"column":null}},"loc":{"start":{"line":30,"column":24},"end":{"line":55,"column":1}}},"2":{"name":"(anonymous_2)","decl":{"start":{"line":66,"column":31},"end":{"line":66,"column":null}},"loc":{"start":{"line":72,"column":45},"end":{"line":96,"column":1}}},"3":{"name":"(anonymous_3)","decl":{"start":{"line":79,"column":27},"end":{"line":79,"column":28}},"loc":{"start":{"line":79,"column":32},"end":{"line":95,"column":3}}}},"branchMap":{"0":{"loc":{"start":{"line":14,"column":2},"end":{"line":14,"column":74}},"type":"if","locations":[{"start":{"line":14,"column":2},"end":{"line":14,"column":74}}]},"1":{"loc":{"start":{"line":15,"column":2},"end":{"line":15,"column":74}},"type":"if","locations":[{"start":{"line":15,"column":2},"end":{"line":15,"column":74}}]},"2":{"loc":{"start":{"line":37,"column":6},"end":{"line":37,"column":41}},"type":"if","locations":[{"start":{"line":37,"column":6},"end":{"line":37,"column":41}}]},"3":{"loc":{"start":{"line":37,"column":10},"end":{"line":37,"column":30}},"type":"binary-expr","locations":[{"start":{"line":37,"column":10},"end":{"line":37,"column":18}},{"start":{"line":37,"column":22},"end":{"line":37,"column":30}}]},"4":{"loc":{"start":{"line":42,"column":6},"end":{"line":49,"column":null}},"type":"if","locations":[{"start":{"line":42,"column":6},"end":{"line":49,"column":null}}]},"5":{"loc":{"start":{"line":43,"column":8},"end":{"line":46,"column":48}},"type":"binary-expr","locations":[{"start":{"line":43,"column":8},"end":{"line":43,"column":17}},{"start":{"line":44,"column":8},"end":{"line":44,"column":37}},{"start":{"line":45,"column":8},"end":{"line":45,"column":17}},{"start":{"line":46,"column":8},"end":{"line":46,"column":48}}]},"6":{"loc":{"start":{"line":46,"column":17},"end":{"line":46,"column":36}},"type":"binary-expr","locations":[{"start":{"line":46,"column":17},"end":{"line":46,"column":30}},{"start":{"line":46,"column":34},"end":{"line":46,"column":36}}]},"7":{"loc":{"start":{"line":72,"column":2},"end":{"line":72,"column":null}},"type":"if","locations":[{"start":{"line":72,"column":2},"end":{"line":72,"column":null}}]},"8":{"loc":{"start":{"line":74,"column":2},"end":{"line":74,"column":29}},"type":"if","locations":[{"start":{"line":74,"column":2},"end":{"line":74,"column":29}}]},"9":{"loc":{"start":{"line":74,"column":6},"end":{"line":74,"column":20}},"type":"binary-expr","locations":[{"start":{"line":74,"column":6},"end":{"line":74,"column":11}},{"start":{"line":74,"column":15},"end":{"line":74,"column":20}}]},"10":{"loc":{"start":{"line":80,"column":4},"end":{"line":94,"column":null}},"type":"if","locations":[{"start":{"line":80,"column":4},"end":{"line":94,"column":null}}]},"11":{"loc":{"start":{"line":81,"column":6},"end":{"line":82,"column":41}},"type":"binary-expr","locations":[{"start":{"line":81,"column":6},"end":{"line":81,"column":46}},{"start":{"line":82,"column":6},"end":{"line":82,"column":41}}]}},"s":{"0":7,"1":12,"2":12,"3":9,"4":12,"5":9,"6":12,"7":7,"8":7,"9":56,"10":56,"11":56,"12":168,"13":168,"14":504,"15":56,"16":448,"17":448,"18":174,"19":274,"20":56,"21":7,"22":7,"23":57,"24":50,"25":1,"26":49,"27":49,"28":49,"29":49,"30":240,"31":43,"32":43,"33":43,"34":7},"f":{"0":12,"1":56,"2":50,"3":240},"b":{"0":[9],"1":[9],"2":[56],"3":[504,168],"4":[174],"5":[448,403,352,316],"6":[316,0],"7":[7],"8":[1],"9":[50,49],"10":[43],"11":[240,43]}}
,"/Users/calvin/projects/ccau1/test-drawing/src/commands/bucketFillCommand.ts": {"path":"/Users/calvin/projects/ccau1/test-drawing/src/commands/bucketFillCommand.ts","statementMap":{"0":{"start":{"line":2,"column":0},"end":{"line":2,"column":43}},"1":{"start":{"line":4,"column":0},"end":{"line":19,"column":13}},"2":{"start":{"line":5,"column":20},"end":{"line":5,"column":22}},"3":{"start":{"line":5,"column":26},"end":{"line":5,"column":28}},"4":{"start":{"line":7,"column":4},"end":{"line":8,"column":77}},"5":{"start":{"line":8,"column":6},"end":{"line":8,"column":77}},"6":{"start":{"line":11,"column":14},"end":{"line":11,"column":39}},"7":{"start":{"line":12,"column":10},"end":{"line":12,"column":35}},"8":{"start":{"line":13,"column":10},"end":{"line":13,"column":17}},"9":{"start":{"line":16,"column":4},"end":{"line":16,"column":69}}},"fnMap":{"0":{"name":"(anonymous_0)","decl":{"start":{"line":5,"column":7},"end":{"line":5,"column":8}},"loc":{"start":{"line":5,"column":28},"end":{"line":17,"column":3}}}},"branchMap":{"0":{"loc":{"start":{"line":7,"column":4},"end":{"line":8,"column":77}},"type":"if","locations":[{"start":{"line":7,"column":4},"end":{"line":8,"column":77}}]}},"s":{"0":7,"1":7,"2":4,"3":4,"4":4,"5":1,"6":3,"7":3,"8":3,"9":3},"f":{"0":4},"b":{"0":[1]}}
,"/Users/calvin/projects/ccau1/test-drawing/src/commands/createCommand.ts": {"path":"/Users/calvin/projects/ccau1/test-drawing/src/commands/createCommand.ts","statementMap":{"0":{"start":{"line":3,"column":0},"end":{"line":20,"column":13}},"1":{"start":{"line":4,"column":16},"end":{"line":4,"column":18}},"2":{"start":{"line":4,"column":22},"end":{"line":4,"column":24}},"3":{"start":{"line":6,"column":4},"end":{"line":7,"column":77}},"4":{"start":{"line":7,"column":6},"end":{"line":7,"column":77}},"5":{"start":{"line":10,"column":14},"end":{"line":10,"column":35}},"6":{"start":{"line":11,"column":10},"end":{"line":11,"column":31}},"7":{"start":{"line":14,"column":4},"end":{"line":14,"column":65}},"8":{"start":{"line":14,"column":30},"end":{"line":14,"column":65}},"9":{"start":{"line":17,"column":4},"end":{"line":17,"column":36}}},"fnMap":{"0":{"name":"(anonymous_0)","decl":{"start":{"line":4,"column":7},"end":{"line":4,"column":8}},"loc":{"start":{"line":4,"column":24},"end":{"line":18,"column":3}}}},"branchMap":{"0":{"loc":{"start":{"line":6,"column":4},"end":{"line":7,"column":77}},"type":"if","locations":[{"start":{"line":6,"column":4},"end":{"line":7,"column":77}}]},"1":{"loc":{"start":{"line":14,"column":4},"end":{"line":14,"column":65}},"type":"if","locations":[{"start":{"line":14,"column":4},"end":{"line":14,"column":65}}]},"2":{"loc":{"start":{"line":14,"column":8},"end":{"line":14,"column":28}},"type":"binary-expr","locations":[{"start":{"line":14,"column":8},"end":{"line":14,"column":16}},{"start":{"line":14,"column":20},"end":{"line":14,"column":28}}]}},"s":{"0":7,"1":5,"2":5,"3":5,"4":1,"5":4,"6":4,"7":4,"8":1,"9":3},"f":{"0":5},"b":{"0":[1],"1":[1],"2":[4,3]}}
,"/Users/calvin/projects/ccau1/test-drawing/src/commands/index.ts": {"path":"/Users/calvin/projects/ccau1/test-drawing/src/commands/index.ts","statementMap":{"0":{"start":{"line":2,"column":0},"end":{"line":2,"column":52}},"1":{"start":{"line":3,"column":0},"end":{"line":3,"column":44}},"2":{"start":{"line":4,"column":0},"end":{"line":4,"column":40}},"3":{"start":{"line":5,"column":0},"end":{"line":5,"column":40}},"4":{"start":{"line":6,"column":0},"end":{"line":6,"column":40}},"5":{"start":{"line":8,"column":17},"end":{"line":14,"column":14}},"6":{"start":{"line":16,"column":0},"end":{"line":16,"column":24}}},"fnMap":{},"branchMap":{},"s":{"0":7,"1":7,"2":7,"3":7,"4":7,"5":7,"6":7},"f":{},"b":{}}
,"/Users/calvin/projects/ccau1/test-drawing/src/commands/lineCommand.ts": {"path":"/Users/calvin/projects/ccau1/test-drawing/src/commands/lineCommand.ts","statementMap":{"0":{"start":{"line":2,"column":0},"end":{"line":2,"column":39}},"1":{"start":{"line":4,"column":0},"end":{"line":73,"column":13}},"2":{"start":{"line":5,"column":20},"end":{"line":5,"column":22}},"3":{"start":{"line":5,"column":26},"end":{"line":5,"column":28}},"4":{"start":{"line":7,"column":4},"end":{"line":8,"column":77}},"5":{"start":{"line":8,"column":6},"end":{"line":8,"column":77}},"6":{"start":{"line":11,"column":4},"end":{"line":18,"column":null}},"7":{"start":{"line":17,"column":6},"end":{"line":17,"column":60}},"8":{"start":{"line":21,"column":21},"end":{"line":24,"column":27}},"9":{"start":{"line":24,"column":21},"end":{"line":24,"column":27}},"10":{"start":{"line":21,"column":13},"end":{"line":21,"column":15}},"11":{"start":{"line":21,"column":17},"end":{"line":21,"column":21}},"12":{"start":{"line":25,"column":21},"end":{"line":28,"column":27}},"13":{"start":{"line":28,"column":21},"end":{"line":28,"column":27}},"14":{"start":{"line":25,"column":13},"end":{"line":25,"column":15}},"15":{"start":{"line":25,"column":17},"end":{"line":25,"column":21}},"16":{"start":{"line":31,"column":25},"end":{"line":31,"column":34}},"17":{"start":{"line":33,"column":4},"end":{"line":70,"column":null}},"18":{"start":{"line":38,"column":21},"end":{"line":38,"column":79}},"19":{"start":{"line":40,"column":18},"end":{"line":40,"column":45}},"20":{"start":{"line":41,"column":18},"end":{"line":41,"column":65}},"21":{"start":{"line":42,"column":6},"end":{"line":50,"column":8}},"22":{"start":{"line":53,"column":6},"end":{"line":55,"column":null}},"23":{"start":{"line":53,"column":19},"end":{"line":53,"column":22}},"24":{"start":{"line":54,"column":8},"end":{"line":54,"column":36}},"25":{"start":{"line":61,"column":21},"end":{"line":61,"column":69}},"26":{"start":{"line":63,"column":18},"end":{"line":63,"column":33}},"27":{"start":{"line":64,"column":18},"end":{"line":64,"column":57}},"28":{"start":{"line":67,"column":6},"end":{"line":69,"column":null}},"29":{"start":{"line":67,"column":19},"end":{"line":67,"column":22}},"30":{"start":{"line":68,"column":8},"end":{"line":68,"column":36}}},"fnMap":{"0":{"name":"(anonymous_0)","decl":{"start":{"line":5,"column":7},"end":{"line":5,"column":8}},"loc":{"start":{"line":5,"column":28},"end":{"line":71,"column":3}}},"1":{"name":"(anonymous_1)","decl":{"start":{"line":24,"column":11},"end":{"line":24,"column":12}},"loc":{"start":{"line":24,"column":16},"end":{"line":24,"column":22}}},"2":{"name":"(anonymous_2)","decl":{"start":{"line":28,"column":11},"end":{"line":28,"column":12}},"loc":{"start":{"line":28,"column":16},"end":{"line":28,"column":22}}}},"branchMap":{"0":{"loc":{"start":{"line":7,"column":4},"end":{"line":8,"column":77}},"type":"if","locations":[{"start":{"line":7,"column":4},"end":{"line":8,"column":77}}]},"1":{"loc":{"start":{"line":11,"column":4},"end":{"line":18,"column":null}},"type":"if","locations":[{"start":{"line":11,"column":4},"end":{"line":18,"column":null}}]},"2":{"loc":{"start":{"line":12,"column":6},"end":{"line":15,"column":31}},"type":"binary-expr","locations":[{"start":{"line":12,"column":6},"end":{"line":12,"column":31}},{"start":{"line":13,"column":6},"end":{"line":13,"column":31}},{"start":{"line":14,"column":6},"end":{"line":14,"column":31}},{"start":{"line":15,"column":6},"end":{"line":15,"column":31}}]},"3":{"loc":{"start":{"line":33,"column":4},"end":{"line":70,"column":null}},"type":"if","locations":[{"start":{"line":33,"column":4},"end":{"line":70,"column":null}},{"start":{"line":56,"column":11},"end":{"line":70,"column":null}}]}},"s":{"0":7,"1":7,"2":9,"3":9,"4":9,"5":1,"6":8,"7":2,"8":6,"9":6,"10":6,"11":6,"12":6,"13":6,"14":6,"15":6,"16":6,"17":6,"18":3,"19":3,"20":3,"21":3,"22":3,"23":3,"24":8,"25":3,"26":3,"27":3,"28":3,"29":3,"30":8},"f":{"0":9,"1":6,"2":6},"b":{"0":[1],"1":[2],"2":[8,6,6,6],"3":[3,3]}}
,"/Users/calvin/projects/ccau1/test-drawing/src/commands/quitCommand.ts": {"path":"/Users/calvin/projects/ccau1/test-drawing/src/commands/quitCommand.ts","statementMap":{"0":{"start":{"line":3,"column":0},"end":{"line":9,"column":13}},"1":{"start":{"line":4,"column":16},"end":{"line":4,"column":18}},"2":{"start":{"line":6,"column":4},"end":{"line":6,"column":25}}},"fnMap":{"0":{"name":"(anonymous_0)","decl":{"start":{"line":4,"column":7},"end":{"line":4,"column":8}},"loc":{"start":{"line":4,"column":18},"end":{"line":7,"column":3}}}},"branchMap":{},"s":{"0":7,"1":1,"2":1},"f":{"0":1},"b":{}}
,"/Users/calvin/projects/ccau1/test-drawing/src/commands/rectCommand.ts": {"path":"/Users/calvin/projects/ccau1/test-drawing/src/commands/rectCommand.ts","statementMap":{"0":{"start":{"line":2,"column":0},"end":{"line":2,"column":40}},"1":{"start":{"line":4,"column":0},"end":{"line":26,"column":13}},"2":{"start":{"line":5,"column":16},"end":{"line":5,"column":18}},"3":{"start":{"line":5,"column":28},"end":{"line":5,"column":30}},"4":{"start":{"line":5,"column":34},"end":{"line":5,"column":36}},"5":{"start":{"line":7,"column":4},"end":{"line":8,"column":77}},"6":{"start":{"line":8,"column":6},"end":{"line":8,"column":77}},"7":{"start":{"line":11,"column":15},"end":{"line":11,"column":22}},"8":{"start":{"line":12,"column":11},"end":{"line":12,"column":18}},"9":{"start":{"line":13,"column":11},"end":{"line":13,"column":18}},"10":{"start":{"line":14,"column":11},"end":{"line":14,"column":18}},"11":{"start":{"line":17,"column":4},"end":{"line":17,"column":68}},"12":{"start":{"line":19,"column":4},"end":{"line":19,"column":68}},"13":{"start":{"line":21,"column":4},"end":{"line":21,"column":68}},"14":{"start":{"line":23,"column":4},"end":{"line":23,"column":68}}},"fnMap":{"0":{"name":"(anonymous_1)","decl":{"start":{"line":5,"column":7},"end":{"line":5,"column":8}},"loc":{"start":{"line":5,"column":36},"end":{"line":24,"column":3}}}},"branchMap":{"0":{"loc":{"start":{"line":7,"column":4},"end":{"line":8,"column":77}},"type":"if","locations":[{"start":{"line":7,"column":4},"end":{"line":8,"column":77}}]}},"s":{"0":7,"1":7,"2":2,"3":2,"4":2,"5":2,"6":1,"7":1,"8":1,"9":1,"10":1,"11":1,"12":1,"13":1,"14":1},"f":{"0":2},"b":{"0":[1]}}
}
