TN:
SF:src/Canvas.ts
FN:4,(anonymous_3)
FN:27,Canvas
FN:9,(anonymous_5)
FN:13,(anonymous_6)
FN:17,(anonymous_7)
FN:21,(anonymous_8)
FN:33,(anonymous_9)
FN:42,(anonymous_10)
FN:43,(anonymous_11)
FN:44,(anonymous_12)
FN:51,(anonymous_13)
FN:60,(anonymous_14)
FN:62,(anonymous_15)
FNF:13
FNH:13
FNDA:7,(anonymous_3)
FNDA:37,Canvas
FNDA:64,(anonymous_5)
FNDA:2,(anonymous_6)
FNDA:2,(anonymous_7)
FNDA:2,(anonymous_8)
FNDA:1,(anonymous_9)
FNDA:31,(anonymous_10)
FNDA:134,(anonymous_11)
FNDA:490,(anonymous_12)
FNDA:2,(anonymous_13)
FNDA:4,(anonymous_14)
FNDA:12,(anonymous_15)
DA:2,7
DA:4,7
DA:5,37
DA:6,37
DA:9,7
DA:10,64
DA:13,7
DA:14,2
DA:17,7
DA:18,2
DA:21,7
DA:22,2
DA:33,7
DA:34,1
DA:42,7
DA:43,31
DA:44,490
DA:51,7
DA:52,2
DA:60,7
DA:61,4
DA:63,12
DA:67,4
DA:69,3
DA:75,7
DA:77,7
LF:26
LH:26
BRDA:18,0,0,2
BRDA:18,0,1,1
BRDA:18,1,0,1
BRDA:18,1,1,1
BRDA:18,2,0,2
BRDA:18,2,1,2
BRDA:63,3,0,12
BRDA:63,3,1,10
BRDA:64,4,0,10
BRDA:64,4,1,0
BRDA:67,5,0,1
BRF:11
BRH:10
end_of_record
TN:
SF:src/utils.ts
FN:9,(anonymous_0)
FN:27,(anonymous_1)
FN:66,(anonymous_2)
FN:79,(anonymous_3)
FNF:4
FNH:4
FNDA:12,(anonymous_0)
FNDA:56,(anonymous_1)
FNDA:50,(anonymous_2)
FNDA:240,(anonymous_3)
DA:9,7
DA:13,12
DA:14,12
DA:15,12
DA:17,12
DA:27,7
DA:32,56
DA:34,56
DA:35,168
DA:37,504
DA:38,448
DA:42,448
DA:48,174
DA:51,274
DA:54,56
DA:66,7
DA:72,57
DA:74,50
DA:75,49
DA:76,49
DA:77,49
DA:79,49
DA:80,240
DA:84,43
DA:85,43
DA:86,43
LF:26
LH:26
BRDA:14,0,0,9
BRDA:15,1,0,9
BRDA:37,2,0,56
BRDA:37,3,0,504
BRDA:37,3,1,168
BRDA:42,4,0,174
BRDA:43,5,0,448
BRDA:43,5,1,403
BRDA:43,5,2,352
BRDA:43,5,3,316
BRDA:46,6,0,316
BRDA:46,6,1,0
BRDA:72,7,0,7
BRDA:74,8,0,1
BRDA:74,9,0,50
BRDA:74,9,1,49
BRDA:80,10,0,43
BRDA:81,11,0,240
BRDA:81,11,1,43
BRF:19
BRH:18
end_of_record
TN:
SF:src/commands/bucketFillCommand.ts
FN:5,(anonymous_0)
FNF:1
FNH:1
FNDA:4,(anonymous_0)
DA:2,7
DA:4,7
DA:5,4
DA:7,4
DA:8,1
DA:11,3
DA:12,3
DA:13,3
DA:16,3
LF:9
LH:9
BRDA:7,0,0,1
BRF:1
BRH:1
end_of_record
TN:
SF:src/commands/createCommand.ts
FN:4,(anonymous_0)
FNF:1
FNH:1
FNDA:5,(anonymous_0)
DA:3,7
DA:4,5
DA:6,5
DA:7,1
DA:10,4
DA:11,4
DA:14,4
DA:17,3
LF:8
LH:8
BRDA:6,0,0,1
BRDA:14,1,0,1
BRDA:14,2,0,4
BRDA:14,2,1,3
BRF:4
BRH:4
end_of_record
TN:
SF:src/commands/index.ts
FNF:0
FNH:0
DA:2,7
DA:3,7
DA:4,7
DA:5,7
DA:6,7
DA:8,7
DA:16,7
LF:7
LH:7
BRF:0
BRH:0
end_of_record
TN:
SF:src/commands/lineCommand.ts
FN:5,(anonymous_0)
FN:24,(anonymous_1)
FN:28,(anonymous_2)
FNF:3
FNH:3
FNDA:9,(anonymous_0)
FNDA:6,(anonymous_1)
FNDA:6,(anonymous_2)
DA:2,7
DA:4,7
DA:5,9
DA:7,9
DA:8,1
DA:11,8
DA:17,2
DA:21,6
DA:24,6
DA:25,6
DA:28,6
DA:31,6
DA:33,6
DA:38,3
DA:40,3
DA:41,3
DA:42,3
DA:53,3
DA:54,8
DA:61,3
DA:63,3
DA:64,3
DA:67,3
DA:68,8
LF:24
LH:24
BRDA:7,0,0,1
BRDA:11,1,0,2
BRDA:12,2,0,8
BRDA:12,2,1,6
BRDA:12,2,2,6
BRDA:12,2,3,6
BRDA:33,3,0,3
BRDA:33,3,1,3
BRF:8
BRH:8
end_of_record
TN:
SF:src/commands/quitCommand.ts
FN:4,(anonymous_0)
FNF:1
FNH:1
FNDA:1,(anonymous_0)
DA:3,7
DA:4,1
DA:6,1
LF:3
LH:3
BRF:0
BRH:0
end_of_record
TN:
SF:src/commands/rectCommand.ts
FN:5,(anonymous_1)
FNF:1
FNH:1
FNDA:2,(anonymous_1)
DA:2,7
DA:4,7
DA:5,2
DA:7,2
DA:8,1
DA:11,1
DA:12,1
DA:13,1
DA:14,1
DA:17,1
DA:19,1
DA:21,1
DA:23,1
LF:13
LH:13
BRDA:7,0,0,1
BRF:1
BRH:1
end_of_record
